#
# A fatal error has been detected by the Java Runtime Environment:
#
#  SIGSEGV (0xb) at pc=0x00007fe0cea2b0ad, pid=107942, tid=107964
#
# JRE version: OpenJDK Runtime Environment (11.0.10+9) (build 11.0.10+9-Ubuntu-0ubuntu1.20.04)
# Java VM: OpenJDK 64-Bit Server VM (11.0.10+9-Ubuntu-0ubuntu1.20.04, mixed mode, sharing, tiered, compressed oops, g1 gc, linux-amd64)
# Problematic frame:
# C  [libjimage.so+0x30ad]
#
# Core dump will be written. Default location: Core dumps may be processed with "/lib/systemd/systemd-coredump %P %u %g %s %t 9223372036854775808 %h" (or dumping to /home/ru/clojure/sail-pro/core.107942)
#
# If you would like to submit a bug report, please visit:
#   https://bugs.launchpad.net/ubuntu/+source/openjdk-lts
#

---------------  S U M M A R Y ------------

Command Line: -Dclojure.libfile=.cpcache/236728831.libs clojure.main

Host: Intel(R) Core(TM) i5-4570S CPU @ 2.90GHz, 4 cores, 7G, Linux Mint 20.1 Ulyssa
Time: Sun May  9 21:25:33 2021 MSK elapsed time: 1554.827022 seconds (0d 0h 25m 54s)

---------------  T H R E A D  ---------------

Current thread (0x00007fe0c8119800):  JavaThread "Signal Dispatcher" daemon [_thread_in_vm, id=107964, stack(0x00007fe0a0d07000,0x00007fe0a0e08000)]

Stack: [0x00007fe0a0d07000,0x00007fe0a0e08000],  sp=0x00007fe0a0e051f0,  free space=1016k
Native frames: (J=compiled Java code, A=aot compiled Java code, j=interpreted, Vv=VM code, C=native code)
C  [libjimage.so+0x30ad]
C  [libjimage.so+0x3da2]
C  [libjimage.so+0x42b1]  JIMAGE_FindResource+0xf1
