2021.04.26 18:50:35.269 MSK INFO: *** SYSTEM START ***
2021.04.26 18:50:35.493 MSK WARNING: missing bundle: protege_text -- BundleHelper.<init>()
2021.04.26 20:05:25.869 MSK INFO: *** SYSTEM START ***
2021.04.26 20:05:26.063 MSK WARNING: missing bundle: protege_text -- BundleHelper.<init>()
2021.04.26 20:05:31.461 MSK INFO: Load time for file:/home/ru/clojure/sail-pro/pprj_examples/SailExpert.pprj = 0 sec (project) + 1 sec (ui) -- ProjectManager$3.run()
2021.04.26 20:08:47.630 MSK INFO: *** SYSTEM START ***
2021.04.26 20:08:47.846 MSK WARNING: missing bundle: protege_text -- BundleHelper.<init>()
2021.04.26 20:08:52.203 MSK WARNING: com/bbn/openmap/gui/BasicMapPanel -- java.lang.NoClassDefFoundError: com/bbn/openmap/gui/BasicMapPanel
	at java.base/java.lang.Class.forName0(Native Method)
	at java.base/java.lang.Class.forName(Class.java:398)
	at edu.stanford.smi.protege.plugin.PluginUtilities.forName(Unknown Source)
	at edu.stanford.smi.protege.plugin.PluginUtilities.forName(Unknown Source)
	at edu.stanford.smi.protege.plugin.PluginUtilities.isLoadableClass(Unknown Source)
	at edu.stanford.smi.protege.model.Project.getTabWidgetDescriptors(Unknown Source)
	at edu.stanford.smi.protege.ui.ProjectView.createTabbedPane(Unknown Source)
	at edu.stanford.smi.protege.ui.ProjectView.<init>(Unknown Source)
	at edu.stanford.smi.protege.ui.ProjectManager.displayCurrentProject(Unknown Source)
	at edu.stanford.smi.protege.ui.ProjectManager.displayCurrentProject(Unknown Source)
	at edu.stanford.smi.protege.ui.ProjectManager.loadProject(Unknown Source)
	at edu.stanford.smi.protege.ui.WelcomeDialog.doOpenProject(Unknown Source)
	at edu.stanford.smi.protege.ui.WelcomeDialog.openButton_actionPerformed(Unknown Source)
	at edu.stanford.smi.protege.ui.WelcomeDialog$2.actionPerformed(Unknown Source)
	at java.desktop/javax.swing.AbstractButton.fireActionPerformed(AbstractButton.java:1967)
	at java.desktop/javax.swing.AbstractButton$Handler.actionPerformed(AbstractButton.java:2308)
	at java.desktop/javax.swing.DefaultButtonModel.fireActionPerformed(DefaultButtonModel.java:405)
	at java.desktop/javax.swing.DefaultButtonModel.setPressed(DefaultButtonModel.java:262)
	at java.desktop/javax.swing.plaf.basic.BasicButtonListener.mouseReleased(BasicButtonListener.java:279)
	at java.desktop/java.awt.AWTEventMulticaster.mouseReleased(AWTEventMulticaster.java:297)
	at java.desktop/java.awt.Component.processMouseEvent(Component.java:6635)
	at java.desktop/javax.swing.JComponent.processMouseEvent(JComponent.java:3342)
	at java.desktop/java.awt.Component.processEvent(Component.java:6400)
	at java.desktop/java.awt.Container.processEvent(Container.java:2263)
	at java.desktop/java.awt.Component.dispatchEventImpl(Component.java:5011)
	at java.desktop/java.awt.Container.dispatchEventImpl(Container.java:2321)
	at java.desktop/java.awt.Component.dispatchEvent(Component.java:4843)
	at java.desktop/java.awt.LightweightDispatcher.retargetMouseEvent(Container.java:4918)
	at java.desktop/java.awt.LightweightDispatcher.processMouseEvent(Container.java:4547)
	at java.desktop/java.awt.LightweightDispatcher.dispatchEvent(Container.java:4488)
	at java.desktop/java.awt.Container.dispatchEventImpl(Container.java:2307)
	at java.desktop/java.awt.Window.dispatchEventImpl(Window.java:2772)
	at java.desktop/java.awt.Component.dispatchEvent(Component.java:4843)
	at java.desktop/java.awt.EventQueue.dispatchEventImpl(EventQueue.java:772)
	at java.desktop/java.awt.EventQueue$4.run(EventQueue.java:721)
	at java.desktop/java.awt.EventQueue$4.run(EventQueue.java:715)
	at java.base/java.security.AccessController.doPrivileged(Native Method)
	at java.base/java.security.ProtectionDomain$JavaSecurityAccessImpl.doIntersectionPrivilege(ProtectionDomain.java:85)
	at java.base/java.security.ProtectionDomain$JavaSecurityAccessImpl.doIntersectionPrivilege(ProtectionDomain.java:95)
	at java.desktop/java.awt.EventQueue$5.run(EventQueue.java:745)
	at java.desktop/java.awt.EventQueue$5.run(EventQueue.java:743)
	at java.base/java.security.AccessController.doPrivileged(Native Method)
	at java.base/java.security.ProtectionDomain$JavaSecurityAccessImpl.doIntersectionPrivilege(ProtectionDomain.java:85)
	at java.desktop/java.awt.EventQueue.dispatchEvent(EventQueue.java:742)
	at java.desktop/java.awt.EventDispatchThread.pumpOneEventForFilters(EventDispatchThread.java:203)
	at java.desktop/java.awt.EventDispatchThread.pumpEventsForFilter(EventDispatchThread.java:124)
	at java.desktop/java.awt.EventDispatchThread.pumpEventsForFilter(EventDispatchThread.java:117)
	at java.desktop/java.awt.WaitDispatchSupport$2.run(WaitDispatchSupport.java:190)
	at java.desktop/java.awt.event.InvocationEvent.dispatch(InvocationEvent.java:313)
	at java.desktop/java.awt.EventQueue.dispatchEventImpl(EventQueue.java:770)
	at java.desktop/java.awt.EventQueue$4.run(EventQueue.java:721)
	at java.desktop/java.awt.EventQueue$4.run(EventQueue.java:715)
	at java.base/java.security.AccessController.doPrivileged(Native Method)
	at java.base/java.security.ProtectionDomain$JavaSecurityAccessImpl.doIntersectionPrivilege(ProtectionDomain.java:85)
	at java.desktop/java.awt.EventQueue.dispatchEvent(EventQueue.java:740)
	at java.desktop/java.awt.EventDispatchThread.pumpOneEventForFilters(EventDispatchThread.java:203)
	at java.desktop/java.awt.EventDispatchThread.pumpEventsForFilter(EventDispatchThread.java:124)
	at java.desktop/java.awt.EventDispatchThread.pumpEventsForHierarchy(EventDispatchThread.java:113)
	at java.desktop/java.awt.EventDispatchThread.pumpEvents(EventDispatchThread.java:109)
	at java.desktop/java.awt.EventDispatchThread.pumpEvents(EventDispatchThread.java:101)
	at java.desktop/java.awt.EventDispatchThread.run(EventDispatchThread.java:90)
Caused by: java.lang.ClassNotFoundException: com.bbn.openmap.gui.BasicMapPanel
	at java.base/jdk.internal.loader.BuiltinClassLoader.loadClass(BuiltinClassLoader.java:581)
	at java.base/jdk.internal.loader.ClassLoaders$AppClassLoader.loadClass(ClassLoaders.java:178)
	at java.base/java.lang.ClassLoader.loadClass(ClassLoader.java:522)
	... 61 more

2021.04.26 20:08:53.653 MSK INFO: Load time for file:/home/ru/clojure/sail-pro/pprj_examples/SailExpert.pprj = 0 sec (project) + 1 sec (ui) -- ProjectManager$3.run()
2021.04.26 20:12:40.720 MSK INFO: *** SYSTEM START ***
2021.04.26 20:12:40.915 MSK WARNING: missing bundle: protege_text -- BundleHelper.<init>()
2021.04.26 20:13:11.323 MSK INFO: Load time for file:/home/ru/clojure/sail-pro/pprj_examples/SailExpert.pprj = 0 sec (project) + 26 sec (ui) -- ProjectManager$3.run()
2021.04.26 20:16:57.553 MSK INFO: *** SYSTEM START ***
2021.04.26 20:16:57.760 MSK WARNING: missing bundle: protege_text -- BundleHelper.<init>()
2021.04.26 20:17:05.155 MSK INFO: Load time for file:/home/ru/clojure/sail-pro/pprj_examples/SailExpert.pprj = 0 sec (project) + 1 sec (ui) -- ProjectManager$3.run()
2021.04.26 20:20:54.766 MSK INFO: *** SYSTEM START ***
2021.04.26 20:20:54.994 MSK WARNING: missing bundle: protege_text -- BundleHelper.<init>()
2021.04.26 20:21:07.048 MSK INFO: Project load time for file:/home/ru/clojure/sail-pro/pprj_examples/VRDashboardClient.pprj: 0 sec -- ProjectChooser.loadProject()
2021.04.26 20:21:10.765 MSK INFO: UI display time = 3 sec -- ProjectManager$2.run()
2021.04.26 20:26:39.232 MSK INFO: *** SYSTEM START ***
2021.04.26 20:26:39.429 MSK WARNING: missing bundle: protege_text -- BundleHelper.<init>()
2021.04.26 20:26:45.033 MSK INFO: Load time for file:/home/ru/clojure/sail-pro/pprj_examples/VRDashboardClient.pprj = 0 sec (project) + 1 sec (ui) -- ProjectManager$3.run()
2021.04.26 20:29:58.928 MSK INFO: *** SYSTEM START ***
2021.04.26 20:29:59.100 MSK WARNING: missing bundle: protege_text -- BundleHelper.<init>()
2021.04.26 20:30:06.115 MSK INFO: Load time for file:/home/ru/clojure/sail-pro/pprj_examples/VRDashboardClient.pprj = 0 sec (project) + 2 sec (ui) -- ProjectManager$3.run()
2021.04.26 20:30:38.527 MSK INFO: *** SYSTEM START ***
2021.04.26 20:30:38.755 MSK WARNING: missing bundle: protege_text -- BundleHelper.<init>()
2021.04.26 20:30:44.281 MSK INFO: Load time for file:/home/ru/clojure/sail-pro/pprj_examples/VRDashboardClient.pprj = 0 sec (project) + 2 sec (ui) -- ProjectManager$3.run()
2021.04.28 17:27:32.493 MSK INFO: *** SYSTEM START ***
2021.04.28 17:27:32.762 MSK WARNING: missing bundle: protege_text -- BundleHelper.<init>()
2021.04.28 17:27:41.859 MSK INFO: Load time for file:/home/ru/clojure/sail-pro/pprj_examples/VRDashboardClient.pprj = 0 sec (project) + 4 sec (ui) -- ProjectManager$3.run()
2021.04.28 17:30:10.641 MSK INFO: *** SYSTEM START ***
2021.04.28 17:30:10.910 MSK WARNING: missing bundle: protege_text -- BundleHelper.<init>()
2021.04.28 17:30:25.685 MSK INFO: Load time for file:/home/ru/clojure/sail-pro/pprj_examples/VRDashboardClient.pprj = 0 sec (project) + 2 sec (ui) -- ProjectManager$3.run()
2021.04.28 19:55:21.795 MSK INFO: *** SYSTEM START ***
2021.04.28 19:55:22.131 MSK WARNING: missing bundle: protege_text -- BundleHelper.<init>()
2021.04.28 19:55:33.320 MSK INFO: Load time for file:/home/ru/clojure/sail-pro/pprj_examples/VRDashboardClient.pprj = 0 sec (project) + 2 sec (ui) -- ProjectManager$3.run()
2021.04.28 20:12:06.060 MSK INFO: Project load time for file:/home/ru/clojure/sail-pro/pprj_base/CesiumEngine.pprj: 0 sec -- ProjectChooser.loadProject()
2021.04.28 20:12:15.649 MSK INFO: UI display time = 9 sec -- ProjectManager$2.run()
